#
# There is insufficient memory for the Java Runtime Environment to continue.
# Native memory allocation (malloc) failed to allocate 748176 bytes. Error detail: Chunk::new
# Possible reasons:
#   The system is out of physical RAM or swap space
#   This process is running with CompressedOops enabled, and the Java Heap may be blocking the growth of the native heap
# Possible solutions:
#   Reduce memory load on the system
#   Increase physical memory or swap space
#   Check if swap backing store is full
#   Decrease Java heap size (-Xmx/-Xms)
#   Decrease number of Java threads
#   Decrease Java thread stack sizes (-Xss)
#   Set larger code cache with -XX:ReservedCodeCacheSize=
#   JVM is running with Unscaled Compressed Oops mode in which the Java heap is
#     placed in the first 4GB address space. The Java Heap base address is the
#     maximum limit for the native heap growth. Please use -XX:HeapBaseMinAddress
#     to set the Java Heap base and to place the Java Heap above 4GB virtual address.
# This output file may be truncated or incomplete.
#
#  Out of Memory Error (arena.cpp:168), pid=16684, tid=16972
#
# JRE version: OpenJDK Runtime Environment Temurin-21.0.6+7 (21.0.6+7) (build 21.0.6+7-LTS)
# Java VM: OpenJDK 64-Bit Server VM Temurin-21.0.6+7 (21.0.6+7-LTS, mixed mode, sharing, tiered, compressed oops, compressed class ptrs, g1 gc, windows-amd64)
# No core dump will be written. Minidumps are not enabled by default on client versions of Windows
#

---------------  S U M M A R Y ------------

Command Line: --module-path=C:\Users\NewTek\.m2\repository\org\openjfx\javafx-base\17.0.2\javafx-base-17.0.2-win.jar;C:\Users\NewTek\.m2\repository\org\openjfx\javafx-base\17.0.2\javafx-base-17.0.2.jar;C:\Users\NewTek\.m2\repository\org\openjfx\javafx-controls\17.0.2\javafx-controls-17.0.2-win.jar;C:\Users\NewTek\.m2\repository\org\openjfx\javafx-controls\17.0.2\javafx-controls-17.0.2.jar;C:\Users\NewTek\.m2\repository\org\openjfx\javafx-fxml\17.0.2\javafx-fxml-17.0.2-win.jar;C:\Users\NewTek\.m2\repository\org\openjfx\javafx-fxml\17.0.2\javafx-fxml-17.0.2.jar;C:\Users\NewTek\.m2\repository\org\openjfx\javafx-graphics\17.0.2\javafx-graphics-17.0.2-win.jar;C:\Users\NewTek\.m2\repository\org\openjfx\javafx-graphics\17.0.2\javafx-graphics-17.0.2.jar --add-modules=javafx.base,javafx.controls,javafx.fxml,javafx.graphics tn.EduTrip.tests.MainFX

Host: Intel(R) Pentium(R) CPU  N3540  @ 2.16GHz, 4 cores, 3G,  Windows 10 , 64 bit Build 19041 (10.0.19041.5438)
Time: Wed Feb 26 20:27:35 2025 Paris, Madrid elapsed time: 7941.387817 seconds (0d 2h 12m 21s)

---------------  T H R E A D  ---------------

Current thread (0x00000205e6a606e0):  JavaThread "C2 CompilerThread0" daemon [_thread_in_native, id=16972, stack(0x000000576f200000,0x000000576f300000) (1024K)]


Current CompileTask:
C2:7941398 5676       4       java.lang.invoke.MethodType::makeImpl (109 bytes)

Stack: [0x000000576f200000,0x000000576f300000]
Native frames: (J=compiled Java code, j=interpreted, Vv=VM code, C=native code)
V  [jvm.dll+0x6cdee9]
V  [jvm.dll+0x8a83d1]
V  [jvm.dll+0x8aa8fe]
V  [jvm.dll+0x8aafe3]
V  [jvm.dll+0x27f706]
V  [jvm.dll+0xc500d]
V  [jvm.dll+0xc5543]
V  [jvm.dll+0x2f2acd]
V  [jvm.dll+0x5f6a2a]
V  [jvm.dll+0x250bb2]
V  [jvm.dll+0x24908e]
V  [jvm.dll+0x246ec4]
V  [jvm.dll+0x1c75ee]
V  [jvm.dll+0x25685a]
V  [jvm.dll+0x254dfa]
V  [jvm.dll+0x3f0256]
V  [jvm.dll+0x851f8b]
V  [jvm.dll+0x6cc5ed]
C  [ucrtbase.dll+0x21bb2]
C  [KERNEL32.DLL+0x17374]
C  [ntdll.dll+0x4cc91]


---------------  P R O C E S S  ---------------

Threads class SMR info:
_java_thread_list=0x00000205eb6fc860, length=19, elements={
0x00000205c989c480, 0x00000205e6a48610, 0x00000205e6a49de0, 0x00000205e6a4d100,
0x00000205e6a4d760, 0x00000205e6a5c1f0, 0x00000205e6a5c850, 0x00000205e6a606e0,
0x00000205e6a62d90, 0x00000205e6a3c6d0, 0x00000205e6ca1010, 0x00000205eb21f840,
0x00000205eb29f290, 0x00000205eb2c13d0, 0x00000205eb388670, 0x00000205eb3adba0,
0x00000205eb443220, 0x00000205ee9e7400, 0x00000205ee9e7a90
}

Java Threads: ( => current thread )
  0x00000205c989c480 JavaThread "main"                              [_thread_blocked, id=18916, stack(0x000000576e400000,0x000000576e500000) (1024K)]
  0x00000205e6a48610 JavaThread "Reference Handler"          daemon [_thread_blocked, id=17260, stack(0x000000576ec00000,0x000000576ed00000) (1024K)]
  0x00000205e6a49de0 JavaThread "Finalizer"                  daemon [_thread_blocked, id=10316, stack(0x000000576ed00000,0x000000576ee00000) (1024K)]
  0x00000205e6a4d100 JavaThread "Signal Dispatcher"          daemon [_thread_blocked, id=14820, stack(0x000000576ee00000,0x000000576ef00000) (1024K)]
  0x00000205e6a4d760 JavaThread "Attach Listener"            daemon [_thread_blocked, id=17384, stack(0x000000576ef00000,0x000000576f000000) (1024K)]
  0x00000205e6a5c1f0 JavaThread "Service Thread"             daemon [_thread_blocked, id=13772, stack(0x000000576f000000,0x000000576f100000) (1024K)]
  0x00000205e6a5c850 JavaThread "Monitor Deflation Thread"   daemon [_thread_blocked, id=12972, stack(0x000000576f100000,0x000000576f200000) (1024K)]
=>0x00000205e6a606e0 JavaThread "C2 CompilerThread0"         daemon [_thread_in_native, id=16972, stack(0x000000576f200000,0x000000576f300000) (1024K)]
  0x00000205e6a62d90 JavaThread "C1 CompilerThread0"         daemon [_thread_blocked, id=19244, stack(0x000000576f300000,0x000000576f400000) (1024K)]
  0x00000205e6a3c6d0 JavaThread "Common-Cleaner"             daemon [_thread_blocked, id=6120, stack(0x000000576f400000,0x000000576f500000) (1024K)]
  0x00000205e6ca1010 JavaThread "Notification Thread"        daemon [_thread_blocked, id=16624, stack(0x000000576f500000,0x000000576f600000) (1024K)]
  0x00000205eb21f840 JavaThread "QuantumRenderer-0"          daemon [_thread_blocked, id=14612, stack(0x000000576f900000,0x000000576fa00000) (1024K)]
  0x00000205eb29f290 JavaThread "InvokeLaterDispatcher"      daemon [_thread_blocked, id=14720, stack(0x000000576fa00000,0x000000576fb00000) (1024K)]
  0x00000205eb2c13d0 JavaThread "JavaFX Application Thread"         [_thread_in_Java, id=9940, stack(0x000000576fb00000,0x000000576fc00000) (1024K)]
  0x00000205eb388670 JavaThread "Thread-1"                   daemon [_thread_in_native, id=11968, stack(0x000000576ff00000,0x0000005770000000) (1024K)]
  0x00000205eb3adba0 JavaThread "JavaFX-Launcher"                   [_thread_blocked, id=1172, stack(0x0000005770000000,0x0000005770100000) (1024K)]
  0x00000205eb443220 JavaThread "mysql-cj-abandoned-connection-cleanup" daemon [_thread_blocked, id=16432, stack(0x0000005770100000,0x0000005770200000) (1024K)]
  0x00000205ee9e7400 JavaThread "Prism Font Disposer"        daemon [_thread_blocked, id=16452, stack(0x0000005770600000,0x0000005770700000) (1024K)]
  0x00000205ee9e7a90 JavaThread "Cleaner-0"                  daemon [_thread_blocked, id=18584, stack(0x0000005770700000,0x0000005770800000) (1024K)]
Total: 19

Other Threads:
  0x00000205cbc1f4b0 VMThread "VM Thread"                           [id=7576, stack(0x000000576eb00000,0x000000576ec00000) (1024K)]
  0x00000205e6a3c0d0 WatcherThread "VM Periodic Task Thread"        [id=7868, stack(0x000000576ea00000,0x000000576eb00000) (1024K)]
  0x00000205cbb96d40 WorkerThread "GC Thread#0"                     [id=18480, stack(0x000000576e500000,0x000000576e600000) (1024K)]
  0x00000205eb1c2800 WorkerThread "GC Thread#1"                     [id=19504, stack(0x000000576f600000,0x000000576f700000) (1024K)]
  0x00000205eb208870 WorkerThread "GC Thread#2"                     [id=6192, stack(0x000000576f700000,0x000000576f800000) (1024K)]
  0x00000205eb2233e0 WorkerThread "GC Thread#3"                     [id=9748, stack(0x000000576f800000,0x000000576f900000) (1024K)]
  0x00000205cbba03a0 ConcurrentGCThread "G1 Main Marker"            [id=17100, stack(0x000000576e600000,0x000000576e700000) (1024K)]
  0x00000205cbba1640 WorkerThread "G1 Conc#0"                       [id=7368, stack(0x000000576e700000,0x000000576e800000) (1024K)]
  0x00000205cbbfdad0 ConcurrentGCThread "G1 Refine#0"               [id=7512, stack(0x000000576e800000,0x000000576e900000) (1024K)]
  0x00000205cbc00260 ConcurrentGCThread "G1 Service"                [id=5972, stack(0x000000576e900000,0x000000576ea00000) (1024K)]
Total: 10

Threads with active compile tasks:
C2 CompilerThread0  7942048 5676       4       java.lang.invoke.MethodType::makeImpl (109 bytes)
Total: 1

VM state: not at safepoint (normal execution)

VM Mutex/Monitor currently owned by a thread: None

Heap address: 0x00000000c1a00000, size: 998 MB, Compressed Oops mode: 32-bit

CDS archive(s) mapped at: [0x0000020580000000-0x0000020580c80000-0x0000020580c80000), size 13107200, SharedBaseAddress: 0x0000020580000000, ArchiveRelocationMode: 1.
Compressed class space mapped at: 0x0000020581000000-0x00000205c1000000, reserved size: 1073741824
Narrow klass base: 0x0000020580000000, Narrow klass shift: 0, Narrow klass range: 0x100000000

GC Precious Log:
 CardTable entry size: 512
 Card Set container configuration: InlinePtr #cards 5 size 8 Array Of Cards #cards 12 size 40 Howl #buckets 4 coarsen threshold 1843 Howl Bitmap #cards 512 size 80 coarsen threshold 460 Card regions per heap region 1 cards per card region 2048
 CPUs: 4 total, 4 available
 Memory: 3989M
 Large Page Support: Disabled
 NUMA Support: Disabled
 Compressed Oops: Enabled (32-bit)
 Heap Region Size: 1M
 Heap Min Capacity: 8M
 Heap Initial Capacity: 64M
 Heap Max Capacity: 998M
 Pre-touch: Disabled
 Parallel Workers: 4
 Concurrent Workers: 1
 Concurrent Refinement Workers: 4
 Periodic GC: Disabled

Heap:
 garbage-first heap   total 71680K, used 55865K [0x00000000c1a00000, 0x0000000100000000)
  region size 1024K, 16 young (16384K), 4 survivors (4096K)
 Metaspace       used 26694K, committed 27136K, reserved 1114112K
  class space    used 3180K, committed 3392K, reserved 1048576K

Heap Regions: E=young(eden), S=young(survivor), O=old, HS=humongous(starts), HC=humongous(continues), CS=collection set, F=free, TAMS=top-at-mark-start, PB=parsable bottom
|   0|0x00000000c1a00000, 0x00000000c1b00000, 0x00000000c1b00000|100%| O|  |TAMS 0x00000000c1a00000| PB 0x00000000c1a00000| Untracked 
|   1|0x00000000c1b00000, 0x00000000c1c00000, 0x00000000c1c00000|100%| O|  |TAMS 0x00000000c1b00000| PB 0x00000000c1b00000| Untracked 
|   2|0x00000000c1c00000, 0x00000000c1d00000, 0x00000000c1d00000|100%|HS|  |TAMS 0x00000000c1c00000| PB 0x00000000c1c00000| Complete 
|   3|0x00000000c1d00000, 0x00000000c1e00000, 0x00000000c1e00000|100%|HC|  |TAMS 0x00000000c1d00000| PB 0x00000000c1d00000| Complete 
|   4|0x00000000c1e00000, 0x00000000c1f00000, 0x00000000c1f00000|100%|HS|  |TAMS 0x00000000c1e00000| PB 0x00000000c1e00000| Complete 
|   5|0x00000000c1f00000, 0x00000000c2000000, 0x00000000c2000000|100%|HC|  |TAMS 0x00000000c1f00000| PB 0x00000000c1f00000| Complete 
|   6|0x00000000c2000000, 0x00000000c2100000, 0x00000000c2100000|100%|HS|  |TAMS 0x00000000c2000000| PB 0x00000000c2000000| Complete 
|   7|0x00000000c2100000, 0x00000000c2200000, 0x00000000c2200000|100%| O|  |TAMS 0x00000000c2100000| PB 0x00000000c2100000| Untracked 
|   8|0x00000000c2200000, 0x00000000c2300000, 0x00000000c2300000|100%| O|  |TAMS 0x00000000c2200000| PB 0x00000000c2200000| Untracked 
|   9|0x00000000c2300000, 0x00000000c2400000, 0x00000000c2400000|100%| O|Cm|TAMS 0x00000000c2300000| PB 0x00000000c2300000| Complete 
|  10|0x00000000c2400000, 0x00000000c2500000, 0x00000000c2500000|100%| O|  |TAMS 0x00000000c2400000| PB 0x00000000c2400000| Untracked 
|  11|0x00000000c2500000, 0x00000000c2600000, 0x00000000c2600000|100%| O|  |TAMS 0x00000000c2500000| PB 0x00000000c2500000| Untracked 
|  12|0x00000000c2600000, 0x00000000c2700000, 0x00000000c2700000|100%| O|  |TAMS 0x00000000c2600000| PB 0x00000000c2600000| Untracked 
|  13|0x00000000c2700000, 0x00000000c2800000, 0x00000000c2800000|100%| O|  |TAMS 0x00000000c2700000| PB 0x00000000c2700000| Untracked 
|  14|0x00000000c2800000, 0x00000000c2900000, 0x00000000c2900000|100%| O|  |TAMS 0x00000000c2800000| PB 0x00000000c2800000| Untracked 
|  15|0x00000000c2900000, 0x00000000c2a00000, 0x00000000c2a00000|100%| O|  |TAMS 0x00000000c2900000| PB 0x00000000c2900000| Untracked 
|  16|0x00000000c2a00000, 0x00000000c2b00000, 0x00000000c2b00000|100%| O|  |TAMS 0x00000000c2a00000| PB 0x00000000c2a00000| Untracked 
|  17|0x00000000c2b00000, 0x00000000c2bbc430, 0x00000000c2c00000| 73%| O|  |TAMS 0x00000000c2b00000| PB 0x00000000c2b00000| Untracked 
|  18|0x00000000c2c00000, 0x00000000c2d00000, 0x00000000c2d00000|100%|HS|  |TAMS 0x00000000c2c00000| PB 0x00000000c2c00000| Complete 
|  19|0x00000000c2d00000, 0x00000000c2e00000, 0x00000000c2e00000|100%|HC|  |TAMS 0x00000000c2d00000| PB 0x00000000c2d00000| Complete 
|  20|0x00000000c2e00000, 0x00000000c2f00000, 0x00000000c2f00000|100%|HS|  |TAMS 0x00000000c2e00000| PB 0x00000000c2e00000| Complete 
|  21|0x00000000c2f00000, 0x00000000c3000000, 0x00000000c3000000|100%|HC|  |TAMS 0x00000000c2f00000| PB 0x00000000c2f00000| Complete 
|  22|0x00000000c3000000, 0x00000000c3100000, 0x00000000c3100000|100%|HS|  |TAMS 0x00000000c3000000| PB 0x00000000c3000000| Complete 
|  23|0x00000000c3100000, 0x00000000c3200000, 0x00000000c3200000|100%|HC|  |TAMS 0x00000000c3100000| PB 0x00000000c3100000| Complete 
|  24|0x00000000c3200000, 0x00000000c3300000, 0x00000000c3300000|100%|HS|  |TAMS 0x00000000c3200000| PB 0x00000000c3200000| Complete 
|  25|0x00000000c3300000, 0x00000000c3400000, 0x00000000c3400000|100%|HC|  |TAMS 0x00000000c3300000| PB 0x00000000c3300000| Complete 
|  26|0x00000000c3400000, 0x00000000c3500000, 0x00000000c3500000|100%|HS|  |TAMS 0x00000000c3400000| PB 0x00000000c3400000| Complete 
|  27|0x00000000c3500000, 0x00000000c3600000, 0x00000000c3600000|100%|HC|  |TAMS 0x00000000c3500000| PB 0x00000000c3500000| Complete 
|  28|0x00000000c3600000, 0x00000000c3700000, 0x00000000c3700000|100%|HS|  |TAMS 0x00000000c3600000| PB 0x00000000c3600000| Complete 
|  29|0x00000000c3700000, 0x00000000c3800000, 0x00000000c3800000|100%|HC|  |TAMS 0x00000000c3700000| PB 0x00000000c3700000| Complete 
|  30|0x00000000c3800000, 0x00000000c3900000, 0x00000000c3900000|100%|HS|  |TAMS 0x00000000c3800000| PB 0x00000000c3800000| Complete 
|  31|0x00000000c3900000, 0x00000000c3a00000, 0x00000000c3a00000|100%|HC|  |TAMS 0x00000000c3900000| PB 0x00000000c3900000| Complete 
|  32|0x00000000c3a00000, 0x00000000c3b00000, 0x00000000c3b00000|100%|HS|  |TAMS 0x00000000c3a00000| PB 0x00000000c3a00000| Complete 
|  33|0x00000000c3b00000, 0x00000000c3c00000, 0x00000000c3c00000|100%|HC|  |TAMS 0x00000000c3b00000| PB 0x00000000c3b00000| Complete 
|  34|0x00000000c3c00000, 0x00000000c3d00000, 0x00000000c3d00000|100%|HS|  |TAMS 0x00000000c3c00000| PB 0x00000000c3c00000| Complete 
|  35|0x00000000c3d00000, 0x00000000c3e00000, 0x00000000c3e00000|100%|HC|  |TAMS 0x00000000c3d00000| PB 0x00000000c3d00000| Complete 
|  36|0x00000000c3e00000, 0x00000000c3f00000, 0x00000000c3f00000|100%|HS|  |TAMS 0x00000000c3e00000| PB 0x00000000c3e00000| Complete 
|  37|0x00000000c3f00000, 0x00000000c4000000, 0x00000000c4000000|100%|HC|  |TAMS 0x00000000c3f00000| PB 0x00000000c3f00000| Complete 
|  38|0x00000000c4000000, 0x00000000c4000000, 0x00000000c4100000|  0%| F|  |TAMS 0x00000000c4000000| PB 0x00000000c4000000| Untracked 
|  39|0x00000000c4100000, 0x00000000c4100000, 0x00000000c4200000|  0%| F|  |TAMS 0x00000000c4100000| PB 0x00000000c4100000| Untracked 
|  40|0x00000000c4200000, 0x00000000c4200000, 0x00000000c4300000|  0%| F|  |TAMS 0x00000000c4200000| PB 0x00000000c4200000| Untracked 
|  41|0x00000000c4300000, 0x00000000c4300000, 0x00000000c4400000|  0%| F|  |TAMS 0x00000000c4300000| PB 0x00000000c4300000| Untracked 
|  42|0x00000000c4400000, 0x00000000c4400000, 0x00000000c4500000|  0%| F|  |TAMS 0x00000000c4400000| PB 0x00000000c4400000| Untracked 
|  43|0x00000000c4500000, 0x00000000c4500000, 0x00000000c4600000|  0%| F|  |TAMS 0x00000000c4500000| PB 0x00000000c4500000| Untracked 
|  44|0x00000000c4600000, 0x00000000c4600000, 0x00000000c4700000|  0%| F|  |TAMS 0x00000000c4600000| PB 0x00000000c4600000| Untracked 
|  45|0x00000000c4700000, 0x00000000c4700000, 0x00000000c4800000|  0%| F|  |TAMS 0x00000000c4700000| PB 0x00000000c4700000| Untracked 
|  46|0x00000000c4800000, 0x00000000c4800000, 0x00000000c4900000|  0%| F|  |TAMS 0x00000000c4800000| PB 0x00000000c4800000| Untracked 
|  47|0x00000000c4900000, 0x00000000c4900000, 0x00000000c4a00000|  0%| F|  |TAMS 0x00000000c4900000| PB 0x00000000c4900000| Untracked 
|  48|0x00000000c4a00000, 0x00000000c4a00000, 0x00000000c4b00000|  0%| F|  |TAMS 0x00000000c4a00000| PB 0x00000000c4a00000| Untracked 
|  49|0x00000000c4b00000, 0x00000000c4b00000, 0x00000000c4c00000|  0%| F|  |TAMS 0x00000000c4b00000| PB 0x00000000c4b00000| Untracked 
|  50|0x00000000c4c00000, 0x00000000c4c00000, 0x00000000c4d00000|  0%| F|  |TAMS 0x00000000c4c00000| PB 0x00000000c4c00000| Untracked 
|  51|0x00000000c4d00000, 0x00000000c4d00000, 0x00000000c4e00000|  0%| F|  |TAMS 0x00000000c4d00000| PB 0x00000000c4d00000| Untracked 
|  52|0x00000000c4e00000, 0x00000000c4ead470, 0x00000000c4f00000| 67%| E|  |TAMS 0x00000000c4e00000| PB 0x00000000c4e00000| Complete 
|  53|0x00000000c4f00000, 0x00000000c5000000, 0x00000000c5000000|100%| E|CS|TAMS 0x00000000c4f00000| PB 0x00000000c4f00000| Complete 
|  54|0x00000000c5000000, 0x00000000c5100000, 0x00000000c5100000|100%| E|CS|TAMS 0x00000000c5000000| PB 0x00000000c5000000| Complete 
|  55|0x00000000c5100000, 0x00000000c5200000, 0x00000000c5200000|100%| E|CS|TAMS 0x00000000c5100000| PB 0x00000000c5100000| Complete 
|  56|0x00000000c5200000, 0x00000000c5300000, 0x00000000c5300000|100%| E|CS|TAMS 0x00000000c5200000| PB 0x00000000c5200000| Complete 
|  57|0x00000000c5300000, 0x00000000c5400000, 0x00000000c5400000|100%| E|CS|TAMS 0x00000000c5300000| PB 0x00000000c5300000| Complete 
|  58|0x00000000c5400000, 0x00000000c5500000, 0x00000000c5500000|100%| E|CS|TAMS 0x00000000c5400000| PB 0x00000000c5400000| Complete 
|  59|0x00000000c5500000, 0x00000000c5600000, 0x00000000c5600000|100%| E|CS|TAMS 0x00000000c5500000| PB 0x00000000c5500000| Complete 
|  60|0x00000000c5600000, 0x00000000c5700000, 0x00000000c5700000|100%| E|CS|TAMS 0x00000000c5600000| PB 0x00000000c5600000| Complete 
|  61|0x00000000c5700000, 0x00000000c5800000, 0x00000000c5800000|100%| E|CS|TAMS 0x00000000c5700000| PB 0x00000000c5700000| Complete 
|  62|0x00000000c5800000, 0x00000000c5900000, 0x00000000c5900000|100%| E|CS|TAMS 0x00000000c5800000| PB 0x00000000c5800000| Complete 
|  63|0x00000000c5900000, 0x00000000c5a00000, 0x00000000c5a00000|100%| E|CS|TAMS 0x00000000c5900000| PB 0x00000000c5900000| Complete 
|  64|0x00000000c5a00000, 0x00000000c5b00000, 0x00000000c5b00000|100%|HS|  |TAMS 0x00000000c5a00000| PB 0x00000000c5a00000| Complete 
|  65|0x00000000c5b00000, 0x00000000c5c00000, 0x00000000c5c00000|100%|HC|  |TAMS 0x00000000c5b00000| PB 0x00000000c5b00000| Complete 
|  66|0x00000000c5c00000, 0x00000000c5d00000, 0x00000000c5d00000|100%| S|CS|TAMS 0x00000000c5c00000| PB 0x00000000c5c00000| Complete 
|  67|0x00000000c5d00000, 0x00000000c5e00000, 0x00000000c5e00000|100%| S|CS|TAMS 0x00000000c5d00000| PB 0x00000000c5d00000| Complete 
|  68|0x00000000c5e00000, 0x00000000c5f00000, 0x00000000c5f00000|100%| S|CS|TAMS 0x00000000c5e00000| PB 0x00000000c5e00000| Complete 
|  69|0x00000000c5f00000, 0x00000000c5fd2050, 0x00000000c6000000| 82%| S|CS|TAMS 0x00000000c5f00000| PB 0x00000000c5f00000| Complete 

Card table byte_map: [0x00000205e3450000,0x00000205e3650000] _byte_map_base: 0x00000205e2e43000

Marking Bits: (CMBitMap*) 0x00000205cbb97440
 Bits: [0x00000205e3650000, 0x00000205e45e8000)

Polling page: 0x00000205c9860000

Metaspace:

Usage:
  Non-class:     22.96 MB used.
      Class:      3.11 MB used.
       Both:     26.07 MB used.

Virtual space:
  Non-class space:       64.00 MB reserved,      23.19 MB ( 36%) committed,  1 nodes.
      Class space:        1.00 GB reserved,       3.31 MB ( <1%) committed,  1 nodes.
             Both:        1.06 GB reserved,      26.50 MB (  2%) committed. 

Chunk freelists:
   Non-Class:  8.36 MB
       Class:  12.54 MB
        Both:  20.89 MB

MaxMetaspaceSize: unlimited
CompressedClassSpaceSize: 1.00 GB
Initial GC threshold: 21.00 MB
Current GC threshold: 35.12 MB
CDS: on
 - commit_granule_bytes: 65536.
 - commit_granule_words: 8192.
 - virtual_space_node_default_size: 8388608.
 - enlarge_chunks_in_place: 1.
 - use_allocation_guard: 0.


Internal statistics:

num_allocs_failed_limit: 3.
num_arena_births: 412.
num_arena_deaths: 0.
num_vsnodes_births: 2.
num_vsnodes_deaths: 0.
num_space_committed: 424.
num_space_uncommitted: 0.
num_chunks_returned_to_freelist: 3.
num_chunks_taken_from_freelist: 1141.
num_chunk_merges: 3.
num_chunk_splits: 763.
num_chunks_enlarged: 571.
num_inconsistent_stats: 0.

CodeHeap 'non-profiled nmethods': size=120000Kb used=2612Kb max_used=2612Kb free=117387Kb
 bounds [0x00000205dbd20000, 0x00000205dbfb0000, 0x00000205e3250000]
CodeHeap 'profiled nmethods': size=120000Kb used=11429Kb max_used=11429Kb free=108570Kb
 bounds [0x00000205d4250000, 0x00000205d4d80000, 0x00000205db780000]
CodeHeap 'non-nmethods': size=5760Kb used=1964Kb max_used=1999Kb free=3796Kb
 bounds [0x00000205db780000, 0x00000205db9f0000, 0x00000205dbd20000]
 total_blobs=6478 nmethods=5551 adapters=830
 compilation: enabled
              stopped_count=0, restarted_count=0
 full_count=0

Compilation events (20 events):
Event: 1282.866 Thread 0x00000205e6a62d90 nmethod 5665 0x00000205d4d70590 code [0x00000205d4d707a0, 0x00000205d4d70df8]
Event: 1297.712 Thread 0x00000205e6a62d90 5666       3       java.lang.Thread::getContextClassLoader (30 bytes)
Event: 1297.722 Thread 0x00000205e6a62d90 nmethod 5666 0x00000205d4d71110 code [0x00000205d4d712c0, 0x00000205d4d71518]
Event: 2568.897 Thread 0x00000205e6a606e0 5667       4       jdk.internal.misc.Unsafe::putIntOpaque (9 bytes)
Event: 2569.081 Thread 0x00000205e6a606e0 nmethod 5667 0x00000205dbfaa010 code [0x00000205dbfaa1a0, 0x00000205dbfaa238]
Event: 2629.006 Thread 0x00000205e6a606e0 5668       4       sun.net.www.ParseUtil::firstEncodeIndex (86 bytes)
Event: 2629.344 Thread 0x00000205e6a606e0 nmethod 5668 0x00000205dbfaa310 code [0x00000205dbfaa4c0, 0x00000205dbfaa718]
Event: 3496.789 Thread 0x00000205e6a606e0 5669       4       java.util.concurrent.locks.AbstractQueuedSynchronizer$Node::setStatusRelaxed (12 bytes)
Event: 3496.980 Thread 0x00000205e6a606e0 nmethod 5669 0x00000205dbfaa990 code [0x00000205dbfaab20, 0x00000205dbfaabb0]
Event: 7937.238 Thread 0x00000205e6a62d90 5670       3       javafx.scene.layout.VBox::growOrShrinkAreaHeights (349 bytes)
Event: 7937.791 Thread 0x00000205e6a606e0 5672       4       com.sun.javafx.font.LogicalFont::getAdvance (30 bytes)
Event: 7938.376 Thread 0x00000205e6a62d90 nmethod 5670 0x00000205d4d71610 code [0x00000205d4d71b80, 0x00000205d4d74be0]
Event: 7938.999 Thread 0x00000205e6a606e0 nmethod 5672 0x00000205dbfaac90 code [0x00000205dbfaaf20, 0x00000205dbfabe28]
Event: 7939.720 Thread 0x00000205e6a62d90 5673       3       jdk.internal.reflect.Reflection::verifyMemberAccess (200 bytes)
Event: 7939.788 Thread 0x00000205e6a62d90 nmethod 5673 0x00000205d4d75c10 code [0x00000205d4d760c0, 0x00000205d4d78278]
Event: 7940.242 Thread 0x00000205e6a606e0 5674       4       java.lang.AbstractStringBuilder::append (77 bytes)
Event: 7940.354 Thread 0x00000205e6a606e0 nmethod 5674 0x00000205dbfac690 code [0x00000205dbfac860, 0x00000205dbfacba8]
Event: 7940.757 Thread 0x00000205e6a606e0 5675       4       jdk.internal.org.objectweb.asm.MethodWriter::visitEnd (1 bytes)
Event: 7940.758 Thread 0x00000205e6a606e0 nmethod 5675 0x00000205dbfacd90 code [0x00000205dbfacf20, 0x00000205dbfacfa8]
Event: 7940.783 Thread 0x00000205e6a606e0 5676       4       java.lang.invoke.MethodType::makeImpl (109 bytes)

GC Heap History (10 events):
Event: 2.903 GC heap before
{Heap before GC invocations=0 (full 0):
 garbage-first heap   total 65536K, used 12288K [0x00000000c1a00000, 0x0000000100000000)
  region size 1024K, 13 young (13312K), 0 survivors (0K)
 Metaspace       used 1788K, committed 1920K, reserved 1114112K
  class space    used 184K, committed 256K, reserved 1048576K
}
Event: 2.963 GC heap after
{Heap after GC invocations=1 (full 0):
 garbage-first heap   total 65536K, used 1837K [0x00000000c1a00000, 0x0000000100000000)
  region size 1024K, 2 young (2048K), 2 survivors (2048K)
 Metaspace       used 1788K, committed 1920K, reserved 1114112K
  class space    used 184K, committed 256K, reserved 1048576K
}
Event: 5.900 GC heap before
{Heap before GC invocations=1 (full 0):
 garbage-first heap   total 65536K, used 17197K [0x00000000c1a00000, 0x0000000100000000)
  region size 1024K, 18 young (18432K), 2 survivors (2048K)
 Metaspace       used 7490K, committed 7744K, reserved 1114112K
  class space    used 816K, committed 960K, reserved 1048576K
}
Event: 5.915 GC heap after
{Heap after GC invocations=2 (full 0):
 garbage-first heap   total 65536K, used 4153K [0x00000000c1a00000, 0x0000000100000000)
  region size 1024K, 3 young (3072K), 3 survivors (3072K)
 Metaspace       used 7490K, committed 7744K, reserved 1114112K
  class space    used 816K, committed 960K, reserved 1048576K
}
Event: 12.012 GC heap before
{Heap before GC invocations=2 (full 0):
 garbage-first heap   total 65536K, used 44089K [0x00000000c1a00000, 0x0000000100000000)
  region size 1024K, 38 young (38912K), 3 survivors (3072K)
 Metaspace       used 15839K, committed 16192K, reserved 1114112K
  class space    used 1882K, committed 2048K, reserved 1048576K
}
Event: 12.044 GC heap after
{Heap after GC invocations=3 (full 0):
 garbage-first heap   total 65536K, used 17708K [0x00000000c1a00000, 0x0000000100000000)
  region size 1024K, 5 young (5120K), 5 survivors (5120K)
 Metaspace       used 15839K, committed 16192K, reserved 1114112K
  class space    used 1882K, committed 2048K, reserved 1048576K
}
Event: 15.785 GC heap before
{Heap before GC invocations=3 (full 0):
 garbage-first heap   total 65536K, used 32044K [0x00000000c1a00000, 0x0000000100000000)
  region size 1024K, 21 young (21504K), 5 survivors (5120K)
 Metaspace       used 21204K, committed 21504K, reserved 1114112K
  class space    used 2570K, committed 2688K, reserved 1048576K
}
Event: 15.811 GC heap after
{Heap after GC invocations=4 (full 0):
 garbage-first heap   total 65536K, used 19649K [0x00000000c1a00000, 0x0000000100000000)
  region size 1024K, 2 young (2048K), 2 survivors (2048K)
 Metaspace       used 21204K, committed 21504K, reserved 1114112K
  class space    used 2570K, committed 2688K, reserved 1048576K
}
Event: 30.307 GC heap before
{Heap before GC invocations=5 (full 0):
 garbage-first heap   total 67584K, used 65729K [0x00000000c1a00000, 0x0000000100000000)
  region size 1024K, 26 young (26624K), 2 survivors (2048K)
 Metaspace       used 25762K, committed 26176K, reserved 1114112K
  class space    used 3173K, committed 3392K, reserved 1048576K
}
Event: 30.325 GC heap after
{Heap after GC invocations=6 (full 0):
 garbage-first heap   total 71680K, used 44601K [0x00000000c1a00000, 0x0000000100000000)
  region size 1024K, 4 young (4096K), 4 survivors (4096K)
 Metaspace       used 25762K, committed 26176K, reserved 1114112K
  class space    used 3173K, committed 3392K, reserved 1048576K
}

Dll operation events (20 events):
Event: 2.610 Loaded shared library C:\Users\NewTek\.openjfx\cache\17.0.2-ea\api-ms-win-crt-math-l1-1-0.dll
Event: 2.624 Loaded shared library C:\Users\NewTek\.openjfx\cache\17.0.2-ea\api-ms-win-crt-multibyte-l1-1-0.dll
Event: 2.639 Loaded shared library C:\Users\NewTek\.openjfx\cache\17.0.2-ea\api-ms-win-crt-private-l1-1-0.dll
Event: 2.652 Loaded shared library C:\Users\NewTek\.openjfx\cache\17.0.2-ea\api-ms-win-crt-process-l1-1-0.dll
Event: 2.666 Loaded shared library C:\Users\NewTek\.openjfx\cache\17.0.2-ea\api-ms-win-crt-runtime-l1-1-0.dll
Event: 2.679 Loaded shared library C:\Users\NewTek\.openjfx\cache\17.0.2-ea\api-ms-win-crt-stdio-l1-1-0.dll
Event: 2.693 Loaded shared library C:\Users\NewTek\.openjfx\cache\17.0.2-ea\api-ms-win-crt-string-l1-1-0.dll
Event: 2.711 Loaded shared library C:\Users\NewTek\.openjfx\cache\17.0.2-ea\api-ms-win-crt-time-l1-1-0.dll
Event: 2.732 Loaded shared library C:\Users\NewTek\.openjfx\cache\17.0.2-ea\api-ms-win-crt-utility-l1-1-0.dll
Event: 2.778 Loaded shared library C:\Users\NewTek\.openjfx\cache\17.0.2-ea\ucrtbase.dll
Event: 2.796 Loaded shared library C:\Users\NewTek\.openjfx\cache\17.0.2-ea\vcruntime140.dll
Event: 2.809 Loaded shared library C:\Users\NewTek\.openjfx\cache\17.0.2-ea\vcruntime140_1.dll
Event: 2.840 Loaded shared library C:\Users\NewTek\.openjfx\cache\17.0.2-ea\msvcp140.dll
Event: 3.139 Loaded shared library C:\Users\NewTek\.openjfx\cache\17.0.2-ea\prism_d3d.dll
Event: 3.561 Loaded shared library C:\Users\NewTek\.openjfx\cache\17.0.2-ea\glass.dll
Event: 4.163 Loaded shared library C:\Program Files\jdk-21.0.6+7\bin\jimage.dll
Event: 5.859 Loaded shared library C:\Program Files\jdk-21.0.6+7\bin\extnet.dll
Event: 7.992 Loaded shared library C:\Users\NewTek\.openjfx\cache\17.0.2-ea\javafx_font.dll
Event: 9.476 Loaded shared library C:\Users\NewTek\.openjfx\cache\17.0.2-ea\javafx_iio.dll
Event: 12.666 Loaded shared library C:\Program Files\jdk-21.0.6+7\bin\sunmscapi.dll

Deoptimization events (20 events):
Event: 361.338 Thread 0x00000205eb2c13d0 DEOPT PACKING pc=0x00000205dbf89364 sp=0x000000576fbfdcc0
Event: 361.339 Thread 0x00000205eb2c13d0 DEOPT UNPACKING pc=0x00000205db7d469d sp=0x000000576fbfdc70 mode 2
Event: 361.339 Thread 0x00000205eb2c13d0 Uncommon trap: trap_request=0xffffffd6 fr.pc=0x00000205dbf89364 relative=0x0000000000000224
Event: 361.339 Thread 0x00000205eb2c13d0 Uncommon trap: reason=array_check action=maybe_recompile pc=0x00000205dbf89364 method=com.sun.javafx.event.EventDispatchChainImpl.prepend(Ljavafx/event/EventDispatcher;)Ljavafx/event/EventDispatchChain; @ 33 c2
Event: 361.339 Thread 0x00000205eb2c13d0 DEOPT PACKING pc=0x00000205dbf89364 sp=0x000000576fbfdcc0
Event: 361.339 Thread 0x00000205eb2c13d0 DEOPT UNPACKING pc=0x00000205db7d469d sp=0x000000576fbfdc70 mode 2
Event: 361.339 Thread 0x00000205eb2c13d0 Uncommon trap: trap_request=0xffffffd6 fr.pc=0x00000205dbf89364 relative=0x0000000000000224
Event: 361.339 Thread 0x00000205eb2c13d0 Uncommon trap: reason=array_check action=maybe_recompile pc=0x00000205dbf89364 method=com.sun.javafx.event.EventDispatchChainImpl.prepend(Ljavafx/event/EventDispatcher;)Ljavafx/event/EventDispatchChain; @ 33 c2
Event: 361.339 Thread 0x00000205eb2c13d0 DEOPT PACKING pc=0x00000205dbf89364 sp=0x000000576fbfdcc0
Event: 361.339 Thread 0x00000205eb2c13d0 DEOPT UNPACKING pc=0x00000205db7d469d sp=0x000000576fbfdc70 mode 2
Event: 361.339 Thread 0x00000205eb2c13d0 Uncommon trap: trap_request=0xffffffd6 fr.pc=0x00000205dbf89364 relative=0x0000000000000224
Event: 361.340 Thread 0x00000205eb2c13d0 Uncommon trap: reason=array_check action=maybe_recompile pc=0x00000205dbf89364 method=com.sun.javafx.event.EventDispatchChainImpl.prepend(Ljavafx/event/EventDispatcher;)Ljavafx/event/EventDispatchChain; @ 33 c2
Event: 361.340 Thread 0x00000205eb2c13d0 DEOPT PACKING pc=0x00000205dbf89364 sp=0x000000576fbfdcc0
Event: 361.340 Thread 0x00000205eb2c13d0 DEOPT UNPACKING pc=0x00000205db7d469d sp=0x000000576fbfdc70 mode 2
Event: 361.489 Thread 0x00000205eb21f840 DEOPT PACKING pc=0x00000205d49eacad sp=0x000000576f9fe290
Event: 361.489 Thread 0x00000205eb21f840 DEOPT UNPACKING pc=0x00000205db7d4e24 sp=0x000000576f9fd7e0 mode 0
Event: 7940.897 Thread 0x00000205eb2c13d0 Uncommon trap: trap_request=0xffffff45 fr.pc=0x00000205dbde0590 relative=0x0000000000000e90
Event: 7941.223 Thread 0x00000205eb2c13d0 Uncommon trap: reason=unstable_if action=reinterpret pc=0x00000205dbde0590 method=java.util.concurrent.ConcurrentHashMap.putVal(Ljava/lang/Object;Ljava/lang/Object;Z)Ljava/lang/Object; @ 231 c2
Event: 7941.258 Thread 0x00000205eb2c13d0 DEOPT PACKING pc=0x00000205dbde0590 sp=0x000000576fbfbf30
Event: 7941.262 Thread 0x00000205eb2c13d0 DEOPT UNPACKING pc=0x00000205db7d469d sp=0x000000576fbfbea0 mode 2

Classes loaded (20 events):
Event: 20.186 Loading class java/lang/FdLibm$Atan2
Event: 20.188 Loading class java/lang/FdLibm$Atan2 done
Event: 25.067 Loading class sun/security/ssl/Alert
Event: 25.077 Loading class sun/security/ssl/Alert done
Event: 25.105 Loading class sun/security/ssl/Alert$AlertConsumer
Event: 25.107 Loading class sun/security/ssl/Alert$AlertConsumer done
Event: 25.108 Loading class sun/security/ssl/Alert$Level
Event: 25.108 Loading class sun/security/ssl/Alert$Level done
Event: 25.113 Loading class java/net/SocketTimeoutException
Event: 25.115 Loading class java/io/InterruptedIOException
Event: 25.118 Loading class java/io/InterruptedIOException done
Event: 25.119 Loading class java/net/SocketTimeoutException done
Event: 362.249 Loading class java/lang/foreign/MemorySegment
Event: 362.316 Loading class java/lang/foreign/MemorySegment done
Event: 7939.377 Loading class java/text/BreakIterator
Event: 7939.504 Loading class java/text/BreakIterator done
Event: 7940.420 Loading class sun/util/locale/provider/BreakIteratorProviderImpl
Event: 7940.574 Loading class sun/util/locale/provider/BreakIteratorProviderImpl done
Event: 7940.578 Loading class sun/util/locale/provider/BaseLocaleDataMetaInfo
Event: 7940.638 Loading class sun/util/locale/provider/BaseLocaleDataMetaInfo done

Classes unloaded (0 events):
No events

Classes redefined (0 events):
No events

Internal exceptions (20 events):
Event: 17.218 Thread 0x00000205eb2c13d0 Exception <a 'java/lang/IncompatibleClassChangeError'{0x00000000c559dbb0}: Found class java.lang.Object, but interface was expected> (0x00000000c559dbb0) 
thrown [s\src\hotspot\share\interpreter\linkResolver.cpp, line 840]
Event: 17.420 Thread 0x00000205eb2c13d0 Exception <a 'java/lang/ClassNotFoundException'{0x00000000c54d54d0}: com/sun/javafx/scene/control/skin/resources/controls> (0x00000000c54d54d0) 
thrown [s\src\hotspot\share\prims\jni.cpp, line 539]
Event: 17.424 Thread 0x00000205eb2c13d0 Exception <a 'java/lang/ClassNotFoundException'{0x00000000c54e3498}: com/sun/javafx/scene/control/skin/resources/controls_fr> (0x00000000c54e3498) 
thrown [s\src\hotspot\share\prims\jni.cpp, line 539]
Event: 17.426 Thread 0x00000205eb2c13d0 Exception <a 'java/lang/ClassNotFoundException'{0x00000000c54f0f98}: com/sun/javafx/scene/control/skin/resources/controls_fr_FR> (0x00000000c54f0f98) 
thrown [s\src\hotspot\share\prims\jni.cpp, line 539]
Event: 17.642 Thread 0x00000205eb2c13d0 Exception <a 'java/lang/NoSuchMethodError'{0x00000000c52db6d0}: 'int java.lang.invoke.DirectMethodHandle$Holder.invokeSpecial(java.lang.Object, java.lang.Object, int)'> (0x00000000c52db6d0) 
thrown [s\src\hotspot\share\interpreter\linkResolver.cpp, line 773]
Event: 18.667 Thread 0x00000205eb2c13d0 Exception <a 'java/lang/NoSuchMethodError'{0x00000000c4c22aa0}: 'java.lang.Object java.lang.invoke.DirectMethodHandle$Holder.newInvokeSpecial(java.lang.Object, java.lang.Object, int)'> (0x00000000c4c22aa0) 
thrown [s\src\hotspot\share\interpreter\linkResolver.cpp, line 773]
Event: 19.270 Thread 0x00000205eb21f840 Exception <a 'java/lang/NoSuchMethodError'{0x00000000c4bff8f0}: 'int java.lang.invoke.DirectMethodHandle$Holder.invokeStaticInit(java.lang.Object, java.lang.Object)'> (0x00000000c4bff8f0) 
thrown [s\src\hotspot\share\interpreter\linkResolver.cpp, line 773]
Event: 19.393 Thread 0x00000205eb21f840 Exception <a 'java/lang/NoSuchMethodError'{0x00000000c4704440}: 'java.lang.Object java.lang.invoke.DirectMethodHandle$Holder.invokeStaticInit(java.lang.Object, int)'> (0x00000000c4704440) 
thrown [s\src\hotspot\share\interpreter\linkResolver.cpp, line 773]
Event: 28.797 Thread 0x00000205eb2c13d0 Exception <a 'java/lang/NoSuchMethodError'{0x00000000c4238890}: 'long java.lang.invoke.DirectMethodHandle$Holder.invokeStatic(java.lang.Object, java.lang.Object, java.lang.Object)'> (0x00000000c4238890) 
thrown [s\src\hotspot\share\interpreter\linkResolver.cpp, line 773]
Event: 28.805 Thread 0x00000205eb2c13d0 Exception <a 'java/lang/NoSuchMethodError'{0x00000000c423bca0}: 'long java.lang.invoke.DirectMethodHandle$Holder.invokeStaticInit(java.lang.Object, java.lang.Object, java.lang.Object)'> (0x00000000c423bca0) 
thrown [s\src\hotspot\share\interpreter\linkResolver.cpp, line 773]
Event: 28.860 Thread 0x00000205eb2c13d0 Exception <a 'java/lang/NoSuchMethodError'{0x00000000c42508a0}: 'java.lang.Object java.lang.invoke.DirectMethodHandle$Holder.newInvokeSpecial(java.lang.Object, java.lang.Object, long)'> (0x00000000c42508a0) 
thrown [s\src\hotspot\share\interpreter\linkResolver.cpp, line 773]
Event: 28.871 Thread 0x00000205eb2c13d0 Exception <a 'java/lang/NoSuchMethodError'{0x00000000c42541f8}: 'java.lang.Object java.lang.invoke.Invokers$Holder.linkToTargetMethod(java.lang.Object, long, java.lang.Object)'> (0x00000000c42541f8) 
thrown [s\src\hotspot\share\interpreter\linkResolver.cpp, line 773]
Event: 28.949 Thread 0x00000205eb2c13d0 Exception <a 'java/lang/NoSuchMethodError'{0x00000000c42b0480}: 'java.lang.Object java.lang.invoke.DirectMethodHandle$Holder.newInvokeSpecial(java.lang.Object, java.lang.Object, int, int, int, int, int, java.lang.Object)'> (0x00000000c42b0480) 
thrown [s\src\hotspot\share\interpreter\linkResolver.cpp, line 773]
Event: 28.956 Thread 0x00000205eb2c13d0 Exception <a 'java/lang/NoSuchMethodError'{0x00000000c42c2520}: 'java.lang.Object java.lang.invoke.DirectMethodHandle$Holder.newInvokeSpecial(java.lang.Object, java.lang.Object, java.lang.Object, int, int, int, int, int)'> (0x00000000c42c2520) 
thrown [s\src\hotspot\share\interpreter\linkResolver.cpp, line 773]
Event: 28.959 Thread 0x00000205eb2c13d0 Exception <a 'java/lang/NoSuchMethodError'{0x00000000c42c9970}: 'java.lang.Object java.lang.invoke.Invokers$Holder.linkToTargetMethod(java.lang.Object, java.lang.Object, int, int, int, int, int, java.lang.Object)'> (0x00000000c42c9970) 
thrown [s\src\hotspot\share\interpreter\linkResolver.cpp, line 773]
Event: 29.422 Thread 0x00000205eb2c13d0 Implicit null exception at 0x00000205dbe5faf8 to 0x00000205dbe6037c
Event: 29.422 Thread 0x00000205eb2c13d0 Implicit null exception at 0x00000205dbe5faf8 to 0x00000205dbe6037c
Event: 29.422 Thread 0x00000205eb2c13d0 Implicit null exception at 0x00000205dbe5faf8 to 0x00000205dbe6037c
Event: 29.422 Thread 0x00000205eb2c13d0 Implicit null exception at 0x00000205dbe5faf8 to 0x00000205dbe6037c
Event: 116.020 Thread 0x00000205eb21f840 Implicit null exception at 0x00000205dbeca5f3 to 0x00000205dbecad57

ZGC Phase Switch (0 events):
No events

VM Operations (20 events):
Event: 365.912 Executing VM operation: Cleanup
Event: 365.913 Executing VM operation: Cleanup done
Event: 420.993 Executing VM operation: HandshakeAllThreads (HandshakeForDeflation)
Event: 420.993 Executing VM operation: HandshakeAllThreads (HandshakeForDeflation) done
Event: 420.993 Executing VM operation: RendezvousGCThreads
Event: 420.993 Executing VM operation: RendezvousGCThreads done
Event: 556.058 Executing VM operation: Cleanup
Event: 556.059 Executing VM operation: Cleanup done
Event: 987.358 Executing VM operation: Cleanup
Event: 987.378 Executing VM operation: Cleanup done
Event: 1082.438 Executing VM operation: Cleanup
Event: 1082.440 Executing VM operation: Cleanup done
Event: 1152.478 Executing VM operation: Cleanup
Event: 1152.479 Executing VM operation: Cleanup done
Event: 7936.675 Executing VM operation: Cleanup
Event: 7936.809 Executing VM operation: Cleanup done
Event: 7937.809 Executing VM operation: Cleanup
Event: 7937.846 Executing VM operation: Cleanup done
Event: 7938.979 Executing VM operation: Cleanup
Event: 7939.185 Executing VM operation: Cleanup done

Memory protections (0 events):
No events

Nmethod flushes (0 events):
No events

Events (20 events):
Event: 0.243 Thread 0x00000205c989c480 Thread added: 0x00000205e6a4d100
Event: 0.244 Thread 0x00000205c989c480 Thread added: 0x00000205e6a4d760
Event: 0.244 Thread 0x00000205c989c480 Thread added: 0x00000205e6a5c1f0
Event: 0.244 Thread 0x00000205c989c480 Thread added: 0x00000205e6a5c850
Event: 0.245 Thread 0x00000205c989c480 Thread added: 0x00000205e6a606e0
Event: 0.246 Thread 0x00000205c989c480 Thread added: 0x00000205e6a62d90
Event: 0.414 Thread 0x00000205c989c480 Thread added: 0x00000205e6a3c6d0
Event: 1.232 Thread 0x00000205c989c480 Thread added: 0x00000205e6ca1010
Event: 3.069 Thread 0x00000205c989c480 Thread added: 0x00000205eb21f840
Event: 3.568 Thread 0x00000205c989c480 Thread added: 0x00000205eb29f290
Event: 3.579 Thread 0x00000205c989c480 Thread added: 0x00000205eb2c13d0
Event: 3.977 Thread 0x00000205eb388670 Thread added: 0x00000205eb388670
Event: 3.982 Thread 0x00000205c989c480 Thread added: 0x00000205eb3adba0
Event: 4.829 Thread 0x00000205eb2c13d0 Thread added: 0x00000205eb443220
Event: 14.303 Thread 0x00000205eb2c13d0 Thread added: 0x00000205ee194360
Event: 14.305 Thread 0x00000205ee194360 Thread exited: 0x00000205ee194360
Event: 15.053 Thread 0x00000205eb2c13d0 Thread added: 0x00000205eec46390
Event: 17.186 Thread 0x00000205eb2c13d0 Thread added: 0x00000205ee9e7400
Event: 19.492 Thread 0x00000205eb21f840 Thread added: 0x00000205ee9e7a90
Event: 30.142 Thread 0x00000205eec46390 Thread exited: 0x00000205eec46390


Dynamic libraries:
0x00007ff6a32b0000 - 0x00007ff6a32be000 	C:\Program Files\jdk-21.0.6+7\bin\java.exe
0x00007ffb80850000 - 0x00007ffb80a48000 	C:\Windows\SYSTEM32\ntdll.dll
0x00007ffb7efa0000 - 0x00007ffb7f062000 	C:\Windows\System32\KERNEL32.DLL
0x00007ffb7e1c0000 - 0x00007ffb7e4bf000 	C:\Windows\System32\KERNELBASE.dll
0x00007ffb7e770000 - 0x00007ffb7e870000 	C:\Windows\System32\ucrtbase.dll
0x00007ffb76ac0000 - 0x00007ffb76ad8000 	C:\Program Files\jdk-21.0.6+7\bin\jli.dll
0x00007ffb71000000 - 0x00007ffb7101e000 	C:\Program Files\jdk-21.0.6+7\bin\VCRUNTIME140.dll
0x00007ffb7f190000 - 0x00007ffb7f32d000 	C:\Windows\System32\USER32.dll
0x00007ffb7e050000 - 0x00007ffb7e072000 	C:\Windows\System32\win32u.dll
0x00007ffb69490000 - 0x00007ffb6972a000 	C:\Windows\WinSxS\amd64_microsoft.windows.common-controls_6595b64144ccf1df_6.0.19041.4355_none_60b8b9eb71f62e16\COMCTL32.dll
0x00007ffb7f890000 - 0x00007ffb7f8bb000 	C:\Windows\System32\GDI32.dll
0x00007ffb7f640000 - 0x00007ffb7f6de000 	C:\Windows\System32\msvcrt.dll
0x00007ffb7e620000 - 0x00007ffb7e73a000 	C:\Windows\System32\gdi32full.dll
0x00007ffb7e4c0000 - 0x00007ffb7e55d000 	C:\Windows\System32\msvcp_win.dll
0x00007ffb7f070000 - 0x00007ffb7f09f000 	C:\Windows\System32\IMM32.DLL
0x00007ffb783b0000 - 0x00007ffb783bc000 	C:\Program Files\jdk-21.0.6+7\bin\vcruntime140_1.dll
0x00007ffb5e460000 - 0x00007ffb5e4ed000 	C:\Program Files\jdk-21.0.6+7\bin\msvcp140.dll
0x00007ffb0f6d0000 - 0x00007ffb10460000 	C:\Program Files\jdk-21.0.6+7\bin\server\jvm.dll
0x00007ffb80630000 - 0x00007ffb806df000 	C:\Windows\System32\ADVAPI32.dll
0x00007ffb7f530000 - 0x00007ffb7f5cf000 	C:\Windows\System32\sechost.dll
0x00007ffb7eb10000 - 0x00007ffb7ec33000 	C:\Windows\System32\RPCRT4.dll
0x00007ffb7e740000 - 0x00007ffb7e767000 	C:\Windows\System32\bcrypt.dll
0x00007ffb7f5d0000 - 0x00007ffb7f63b000 	C:\Windows\System32\WS2_32.dll
0x00007ffb7dd50000 - 0x00007ffb7dd9b000 	C:\Windows\SYSTEM32\POWRPROF.dll
0x00007ffb6df20000 - 0x00007ffb6df47000 	C:\Windows\SYSTEM32\WINMM.dll
0x00007ffb6ef70000 - 0x00007ffb6ef7a000 	C:\Windows\SYSTEM32\VERSION.dll
0x00007ffb7dd30000 - 0x00007ffb7dd42000 	C:\Windows\SYSTEM32\UMPDC.dll
0x00007ffb7bd30000 - 0x00007ffb7bd42000 	C:\Windows\SYSTEM32\kernel.appcore.dll
0x00007ffb71070000 - 0x00007ffb7107a000 	C:\Program Files\jdk-21.0.6+7\bin\jimage.dll
0x00007ffb69730000 - 0x00007ffb69914000 	C:\Windows\SYSTEM32\DBGHELP.DLL
0x00007ffb60fb0000 - 0x00007ffb60fe4000 	C:\Windows\SYSTEM32\dbgcore.DLL
0x00007ffb7e130000 - 0x00007ffb7e1b2000 	C:\Windows\System32\bcryptPrimitives.dll
0x00007ffb6b8b0000 - 0x00007ffb6b8cf000 	C:\Program Files\jdk-21.0.6+7\bin\java.dll
0x00007ffb7fe60000 - 0x00007ffb805cd000 	C:\Windows\System32\SHELL32.dll
0x00007ffb7bf30000 - 0x00007ffb7c6d4000 	C:\Windows\SYSTEM32\windows.storage.dll
0x00007ffb7ec40000 - 0x00007ffb7ef95000 	C:\Windows\System32\combase.dll
0x00007ffb7d770000 - 0x00007ffb7d79f000 	C:\Windows\SYSTEM32\Wldp.dll
0x00007ffb7ea30000 - 0x00007ffb7eafd000 	C:\Windows\System32\OLEAUT32.dll
0x00007ffb7f330000 - 0x00007ffb7f3dd000 	C:\Windows\System32\SHCORE.dll
0x00007ffb7f130000 - 0x00007ffb7f185000 	C:\Windows\System32\shlwapi.dll
0x00007ffb7de20000 - 0x00007ffb7de44000 	C:\Windows\SYSTEM32\profapi.dll
0x00007ffb5e380000 - 0x00007ffb5e457000 	C:\Program Files\jdk-21.0.6+7\bin\jsvml.dll
0x00007ffb64870000 - 0x00007ffb64880000 	C:\Program Files\jdk-21.0.6+7\bin\net.dll
0x00007ffb76990000 - 0x00007ffb76a9a000 	C:\Windows\SYSTEM32\WINHTTP.dll
0x00007ffb7d550000 - 0x00007ffb7d5bc000 	C:\Windows\system32\mswsock.dll
0x00007ffb63b50000 - 0x00007ffb63b66000 	C:\Program Files\jdk-21.0.6+7\bin\nio.dll
0x00007ffb60760000 - 0x00007ffb60778000 	C:\Program Files\jdk-21.0.6+7\bin\zip.dll
0x00000205c99d0000 - 0x00000205c99d3000 	C:\Users\NewTek\.openjfx\cache\17.0.2-ea\api-ms-win-core-console-l1-1-0.dll
0x00000205c99e0000 - 0x00000205c99e3000 	C:\Users\NewTek\.openjfx\cache\17.0.2-ea\api-ms-win-core-console-l1-2-0.dll
0x00000205c99f0000 - 0x00000205c99f3000 	C:\Users\NewTek\.openjfx\cache\17.0.2-ea\api-ms-win-core-datetime-l1-1-0.dll
0x00000205c9a00000 - 0x00000205c9a03000 	C:\Users\NewTek\.openjfx\cache\17.0.2-ea\api-ms-win-core-debug-l1-1-0.dll
0x00000205c9a10000 - 0x00000205c9a13000 	C:\Users\NewTek\.openjfx\cache\17.0.2-ea\api-ms-win-core-errorhandling-l1-1-0.dll
0x00000205c9a20000 - 0x00000205c9a24000 	C:\Users\NewTek\.openjfx\cache\17.0.2-ea\api-ms-win-core-file-l1-1-0.dll
0x00000205c9a30000 - 0x00000205c9a33000 	C:\Users\NewTek\.openjfx\cache\17.0.2-ea\api-ms-win-core-file-l1-2-0.dll
0x00000205c9a40000 - 0x00000205c9a43000 	C:\Users\NewTek\.openjfx\cache\17.0.2-ea\api-ms-win-core-file-l2-1-0.dll
0x00000205cba60000 - 0x00000205cba63000 	C:\Users\NewTek\.openjfx\cache\17.0.2-ea\api-ms-win-core-handle-l1-1-0.dll
0x00000205cba70000 - 0x00000205cba73000 	C:\Users\NewTek\.openjfx\cache\17.0.2-ea\api-ms-win-core-heap-l1-1-0.dll
0x00000205cba80000 - 0x00000205cba83000 	C:\Users\NewTek\.openjfx\cache\17.0.2-ea\api-ms-win-core-interlocked-l1-1-0.dll
0x00000205cba90000 - 0x00000205cba93000 	C:\Users\NewTek\.openjfx\cache\17.0.2-ea\api-ms-win-core-libraryloader-l1-1-0.dll
0x00000205cbaa0000 - 0x00000205cbaa3000 	C:\Users\NewTek\.openjfx\cache\17.0.2-ea\api-ms-win-core-localization-l1-2-0.dll
0x00000205cbab0000 - 0x00000205cbab3000 	C:\Users\NewTek\.openjfx\cache\17.0.2-ea\api-ms-win-core-memory-l1-1-0.dll
0x00000205cbac0000 - 0x00000205cbac3000 	C:\Users\NewTek\.openjfx\cache\17.0.2-ea\api-ms-win-core-namedpipe-l1-1-0.dll
0x00000205cbad0000 - 0x00000205cbad3000 	C:\Users\NewTek\.openjfx\cache\17.0.2-ea\api-ms-win-core-processenvironment-l1-1-0.dll
0x00000205cbae0000 - 0x00000205cbae3000 	C:\Users\NewTek\.openjfx\cache\17.0.2-ea\api-ms-win-core-processthreads-l1-1-0.dll
0x00000205cbaf0000 - 0x00000205cbaf3000 	C:\Users\NewTek\.openjfx\cache\17.0.2-ea\api-ms-win-core-processthreads-l1-1-1.dll
0x00000205cbb00000 - 0x00000205cbb03000 	C:\Users\NewTek\.openjfx\cache\17.0.2-ea\api-ms-win-core-profile-l1-1-0.dll
0x00000205cbb10000 - 0x00000205cbb13000 	C:\Users\NewTek\.openjfx\cache\17.0.2-ea\api-ms-win-core-rtlsupport-l1-1-0.dll
0x00000205cbb20000 - 0x00000205cbb23000 	C:\Users\NewTek\.openjfx\cache\17.0.2-ea\api-ms-win-core-string-l1-1-0.dll
0x00000205e6f20000 - 0x00000205e6f23000 	C:\Users\NewTek\.openjfx\cache\17.0.2-ea\api-ms-win-core-synch-l1-1-0.dll
0x00000205e6f30000 - 0x00000205e6f33000 	C:\Users\NewTek\.openjfx\cache\17.0.2-ea\api-ms-win-core-synch-l1-2-0.dll
0x00000205e6f40000 - 0x00000205e6f43000 	C:\Users\NewTek\.openjfx\cache\17.0.2-ea\api-ms-win-core-sysinfo-l1-1-0.dll
0x00000205e6f50000 - 0x00000205e6f53000 	C:\Users\NewTek\.openjfx\cache\17.0.2-ea\api-ms-win-core-timezone-l1-1-0.dll
0x00000205e6f60000 - 0x00000205e6f63000 	C:\Users\NewTek\.openjfx\cache\17.0.2-ea\api-ms-win-core-util-l1-1-0.dll
0x00000205e6f70000 - 0x00000205e6f73000 	C:\Users\NewTek\.openjfx\cache\17.0.2-ea\api-ms-win-crt-conio-l1-1-0.dll
0x00000205e6f80000 - 0x00000205e6f84000 	C:\Users\NewTek\.openjfx\cache\17.0.2-ea\api-ms-win-crt-convert-l1-1-0.dll
0x00000205e6f90000 - 0x00000205e6f93000 	C:\Users\NewTek\.openjfx\cache\17.0.2-ea\api-ms-win-crt-environment-l1-1-0.dll
0x00000205e6fa0000 - 0x00000205e6fa3000 	C:\Users\NewTek\.openjfx\cache\17.0.2-ea\api-ms-win-crt-filesystem-l1-1-0.dll
0x00000205e6fb0000 - 0x00000205e6fb3000 	C:\Users\NewTek\.openjfx\cache\17.0.2-ea\api-ms-win-crt-heap-l1-1-0.dll
0x00000205e6fc0000 - 0x00000205e6fc3000 	C:\Users\NewTek\.openjfx\cache\17.0.2-ea\api-ms-win-crt-locale-l1-1-0.dll
0x00000205e6fd0000 - 0x00000205e6fd5000 	C:\Users\NewTek\.openjfx\cache\17.0.2-ea\api-ms-win-crt-math-l1-1-0.dll
0x00000205e6fe0000 - 0x00000205e6fe5000 	C:\Users\NewTek\.openjfx\cache\17.0.2-ea\api-ms-win-crt-multibyte-l1-1-0.dll
0x00000205e6ff0000 - 0x00000205e7000000 	C:\Users\NewTek\.openjfx\cache\17.0.2-ea\api-ms-win-crt-private-l1-1-0.dll
0x00000205eb800000 - 0x00000205eb803000 	C:\Users\NewTek\.openjfx\cache\17.0.2-ea\api-ms-win-crt-process-l1-1-0.dll
0x00000205eb810000 - 0x00000205eb814000 	C:\Users\NewTek\.openjfx\cache\17.0.2-ea\api-ms-win-crt-runtime-l1-1-0.dll
0x00000205eb820000 - 0x00000205eb824000 	C:\Users\NewTek\.openjfx\cache\17.0.2-ea\api-ms-win-crt-stdio-l1-1-0.dll
0x00000205eb830000 - 0x00000205eb834000 	C:\Users\NewTek\.openjfx\cache\17.0.2-ea\api-ms-win-crt-string-l1-1-0.dll
0x00000205eb840000 - 0x00000205eb843000 	C:\Users\NewTek\.openjfx\cache\17.0.2-ea\api-ms-win-crt-time-l1-1-0.dll
0x00000205eb850000 - 0x00000205eb853000 	C:\Users\NewTek\.openjfx\cache\17.0.2-ea\api-ms-win-crt-utility-l1-1-0.dll
0x00007ffb566d0000 - 0x00007ffb567cc000 	C:\Users\NewTek\.openjfx\cache\17.0.2-ea\ucrtbase.dll
0x00007ffb60740000 - 0x00007ffb6075a000 	C:\Users\NewTek\.openjfx\cache\17.0.2-ea\vcruntime140.dll
0x00007ffb63bf0000 - 0x00007ffb63bfc000 	C:\Users\NewTek\.openjfx\cache\17.0.2-ea\vcruntime140_1.dll
0x00007ffb5e2f0000 - 0x00007ffb5e37d000 	C:\Users\NewTek\.openjfx\cache\17.0.2-ea\msvcp140.dll
0x00007ffb5e930000 - 0x00007ffb5e95a000 	C:\Users\NewTek\.openjfx\cache\17.0.2-ea\prism_d3d.dll
0x00007ffb5a040000 - 0x00007ffb5a211000 	C:\Windows\system32\d3d9.dll
0x00007ffb7bb50000 - 0x00007ffb7bb7f000 	C:\Windows\SYSTEM32\dwmapi.dll
0x00007ffb7b840000 - 0x00007ffb7b8de000 	C:\Windows\system32\uxtheme.dll
0x00007ffb19e90000 - 0x00007ffb1a8fd000 	C:\Windows\SYSTEM32\igdumdim64.dll
0x00007ffb71640000 - 0x00007ffb71aa5000 	C:\Windows\SYSTEM32\igdusc64.dll
0x00007ffb56830000 - 0x00007ffb56872000 	C:\Users\NewTek\.openjfx\cache\17.0.2-ea\glass.dll
0x00007ffb7e950000 - 0x00007ffb7ea2a000 	C:\Windows\System32\COMDLG32.dll
0x00007ffb7f400000 - 0x00007ffb7f52b000 	C:\Windows\System32\ole32.dll
0x00007ffb806e0000 - 0x00007ffb807f5000 	C:\Windows\System32\MSCTF.dll
0x00007ffb7d290000 - 0x00007ffb7d35a000 	C:\Windows\SYSTEM32\DNSAPI.dll
0x00007ffb7d250000 - 0x00007ffb7d28b000 	C:\Windows\SYSTEM32\IPHLPAPI.DLL
0x00007ffb7eb00000 - 0x00007ffb7eb08000 	C:\Windows\System32\NSI.dll
0x00007ffb743c0000 - 0x00007ffb743ca000 	C:\Windows\System32\rasadhlp.dll
0x00007ffb74640000 - 0x00007ffb746c0000 	C:\Windows\System32\fwpuclnt.dll
0x00007ffb63870000 - 0x00007ffb63879000 	C:\Program Files\jdk-21.0.6+7\bin\extnet.dll
0x00007ffb60720000 - 0x00007ffb60734000 	C:\Users\NewTek\.openjfx\cache\17.0.2-ea\javafx_font.dll
0x00007ffb71130000 - 0x00007ffb713af000 	C:\Windows\SYSTEM32\dwrite.dll
0x00007ffb5e2c0000 - 0x00007ffb5e2ed000 	C:\Users\NewTek\.openjfx\cache\17.0.2-ea\javafx_iio.dll
0x00007ffb7dae0000 - 0x00007ffb7daf8000 	C:\Windows\SYSTEM32\CRYPTSP.dll
0x00007ffb7ce90000 - 0x00007ffb7cec4000 	C:\Windows\system32\rsaenh.dll
0x00007ffb7dde0000 - 0x00007ffb7de0e000 	C:\Windows\SYSTEM32\USERENV.dll
0x00007ffb7d6e0000 - 0x00007ffb7d6ec000 	C:\Windows\SYSTEM32\CRYPTBASE.dll
0x00007ffb62c90000 - 0x00007ffb62c9e000 	C:\Program Files\jdk-21.0.6+7\bin\sunmscapi.dll
0x00007ffb7def0000 - 0x00007ffb7e04c000 	C:\Windows\System32\CRYPT32.dll
0x00007ffb7d7e0000 - 0x00007ffb7d807000 	C:\Windows\SYSTEM32\ncrypt.dll
0x00007ffb7d7a0000 - 0x00007ffb7d7db000 	C:\Windows\SYSTEM32\NTASN1.dll
0x00007ffb7f8c0000 - 0x00007ffb7f969000 	C:\Windows\System32\clbcatq.dll
0x00007ffb7b630000 - 0x00007ffb7b7e4000 	C:\Windows\SYSTEM32\WindowsCodecs.dll
0x00007ffb57600000 - 0x00007ffb5763e000 	C:\Windows\system32\dataexchange.dll
0x00007ffb79120000 - 0x00007ffb79383000 	C:\Windows\system32\d3d11.dll
0x00007ffb79670000 - 0x00007ffb79854000 	C:\Windows\system32\dcomp.dll
0x00007ffb7c740000 - 0x00007ffb7c836000 	C:\Windows\system32\dxgi.dll
0x00007ffb76b10000 - 0x00007ffb76d13000 	C:\Windows\system32\twinapi.appcore.dll
0x00007ffb5e210000 - 0x00007ffb5e244000 	C:\Program Files\Common Files\Microsoft Shared\Ink\rtscom.dll
0x00007ffb765b0000 - 0x00007ffb766a9000 	C:\Windows\SYSTEM32\textinputframework.dll

dbghelp: loaded successfully - version: 4.0.5 - missing functions: none
symbol engine: initialized successfully - sym options: 0x614 - pdb path: .;C:\Program Files\jdk-21.0.6+7\bin;C:\Windows\SYSTEM32;C:\Windows\WinSxS\amd64_microsoft.windows.common-controls_6595b64144ccf1df_6.0.19041.4355_none_60b8b9eb71f62e16;C:\Program Files\jdk-21.0.6+7\bin\server;C:\Users\NewTek\.openjfx\cache\17.0.2-ea;C:\Program Files\Common Files\Microsoft Shared\Ink

VM Arguments:
jvm_args: --module-path=C:\Users\NewTek\.m2\repository\org\openjfx\javafx-base\17.0.2\javafx-base-17.0.2-win.jar;C:\Users\NewTek\.m2\repository\org\openjfx\javafx-base\17.0.2\javafx-base-17.0.2.jar;C:\Users\NewTek\.m2\repository\org\openjfx\javafx-controls\17.0.2\javafx-controls-17.0.2-win.jar;C:\Users\NewTek\.m2\repository\org\openjfx\javafx-controls\17.0.2\javafx-controls-17.0.2.jar;C:\Users\NewTek\.m2\repository\org\openjfx\javafx-fxml\17.0.2\javafx-fxml-17.0.2-win.jar;C:\Users\NewTek\.m2\repository\org\openjfx\javafx-fxml\17.0.2\javafx-fxml-17.0.2.jar;C:\Users\NewTek\.m2\repository\org\openjfx\javafx-graphics\17.0.2\javafx-graphics-17.0.2-win.jar;C:\Users\NewTek\.m2\repository\org\openjfx\javafx-graphics\17.0.2\javafx-graphics-17.0.2.jar --add-modules=javafx.base,javafx.controls,javafx.fxml,javafx.graphics 
java_command: tn.EduTrip.tests.MainFX
java_class_path (initial): C:\Users\NewTek\IdeaProjects\EduTrip\target\classes;C:\Users\NewTek\.m2\repository\com\fasterxml\jackson\core\jackson-annotations\2.13.0\jackson-annotations-2.13.0.jar;C:\Users\NewTek\.m2\repository\com\fasterxml\jackson\core\jackson-core\2.13.0\jackson-core-2.13.0.jar;C:\Users\NewTek\.m2\repository\com\fasterxml\jackson\core\jackson-databind\2.13.0\jackson-databind-2.13.0.jar;C:\Users\NewTek\.m2\repository\com\google\protobuf\protobuf-java\3.21.9\protobuf-java-3.21.9.jar;C:\Users\NewTek\.m2\repository\com\mysql\mysql-connector-j\8.0.33\mysql-connector-j-8.0.33.jar;C:\Users\NewTek\.m2\repository\org\apache\httpcomponents\client5\httpclient5\5.2\httpclient5-5.2.jar;C:\Users\NewTek\.m2\repository\org\apache\httpcomponents\core5\httpcore5\5.2\httpcore5-5.2.jar;C:\Users\NewTek\.m2\repository\org\apache\httpcomponents\core5\httpcore5-h2\5.2\httpcore5-h2-5.2.jar;C:\Users\NewTek\.m2\repository\org\json\json\20210307\json-20210307.jar;C:\Users\NewTek\.m2\repository\org\slf4j\slf4j-api\1.7.36\slf4j-api-1.7.36.jar
Launcher Type: SUN_STANDARD

[Global flags]
     intx CICompilerCount                          = 3                                         {product} {ergonomic}
     uint ConcGCThreads                            = 1                                         {product} {ergonomic}
     uint G1ConcRefinementThreads                  = 4                                         {product} {ergonomic}
   size_t G1HeapRegionSize                         = 1048576                                   {product} {ergonomic}
    uintx GCDrainStackTargetSize                   = 64                                        {product} {ergonomic}
   size_t InitialHeapSize                          = 67108864                                  {product} {ergonomic}
   size_t MarkStackSize                            = 4194304                                   {product} {ergonomic}
   size_t MaxHeapSize                              = 1046478848                                {product} {ergonomic}
   size_t MaxNewSize                               = 627048448                                 {product} {ergonomic}
   size_t MinHeapDeltaBytes                        = 1048576                                   {product} {ergonomic}
   size_t MinHeapSize                              = 8388608                                   {product} {ergonomic}
    uintx NonNMethodCodeHeapSize                   = 5832780                                {pd product} {ergonomic}
    uintx NonProfiledCodeHeapSize                  = 122912730                              {pd product} {ergonomic}
    uintx ProfiledCodeHeapSize                     = 122912730                              {pd product} {ergonomic}
    uintx ReservedCodeCacheSize                    = 251658240                              {pd product} {ergonomic}
     bool SegmentedCodeCache                       = true                                      {product} {ergonomic}
   size_t SoftMaxHeapSize                          = 1046478848                             {manageable} {ergonomic}
     bool UseCompressedOops                        = true                           {product lp64_product} {ergonomic}
     bool UseG1GC                                  = true                                      {product} {ergonomic}
     bool UseLargePagesIndividualAllocation        = false                                  {pd product} {ergonomic}

Logging:
Log output configuration:
 #0: stdout all=warning uptime,level,tags foldmultilines=false
 #1: stderr all=off uptime,level,tags foldmultilines=false

Environment Variables:
JAVA_HOME=C:\Program Files\jdk-21.0.6+7
PATH=C:\oraclexe\app\oracle\product\11.2.0\server\bin;;C:\Users\NewTek\AppData\Local\Pub\Cache\bin;C:\Windows\system32;C:\Windows;C:\Windows\System32\Wbem;C:\Windows\System32\WindowsPowerShell\v1.0\;C:\Windows\System32\OpenSSH\;C:\Program Files\Git\cmd;C:\Program Files (x86)\Windows Kits\10\Windows Performance Toolkit\;C:\Program Files\jdk-21.0.6+7\bin;C:\Program Files\nodejs\;C:\xampp\php;C:\ProgramData\ComposerSetup\bin;C:\Users\NewTek\scoop\shims;C:\Users\NewTek\AppData\Local\Microsoft\WindowsApps;C:\src\flutter\bin;C:\Program Files\jdk-21.0.6+7\bin;C:\Program Files\nodejs\node.exe;C:\Users\NewTek\AppData\Roaming\npm;C:\Users\NewTek\AppData\Local\Programs\Microsoft VS Code\bin;C:\Users\NewTek\AppData\Roaming\Composer\vendor\bin;C:\Program Files\JetBrains\IntelliJ IDEA 2024.2.1\bin;;C:\Users\NewTek\AppData\Local\GitHubDesktop\bin;
USERNAME=NewTek
OS=Windows_NT
PROCESSOR_IDENTIFIER=Intel64 Family 6 Model 55 Stepping 8, GenuineIntel
TMP=C:\Users\NewTek\AppData\Local\Temp
TEMP=C:\Users\NewTek\AppData\Local\Temp




Periodic native trim disabled

---------------  S Y S T E M  ---------------

OS:
 Windows 10 , 64 bit Build 19041 (10.0.19041.5438)
OS uptime: 1 days 12:07 hours
Hyper-V role detected

CPU: total 4 (initial active 4) (4 cores per cpu, 1 threads per core) family 6 model 55 stepping 8 microcode 0x838, cx8, cmov, fxsr, mmx, 3dnowpref, sse, sse2, sse3, ssse3, sse4.1, sse4.2, popcnt, tsc, tscinvbit, erms, clmul, clflush, hv, rdtscp
Processor Information for the first 4 processors :
  Max Mhz: 2159, Current Mhz: 2159, Mhz Limit: 2159

Memory: 4k page, system-wide physical 3989M (276M free)
TotalPageFile size 16277M (AvailPageFile size 60M)
current process WorkingSet (physical memory assigned to process): 40M, peak: 222M
current process commit charge ("private bytes"): 266M, peak: 277M

vm_info: OpenJDK 64-Bit Server VM (21.0.6+7-LTS) for windows-amd64 JRE (21.0.6+7-LTS), built on 2025-01-21T00:00:00Z by "admin" with MS VC++ 17.7 (VS2022)

END.
